   Compiling paths v0.1.0 (/home/haha/Rust/paths)
error[E0603]: module `hosting` is private
 --> src/lib.rs:9:28
  |
9 |     crate::front_of_house::hosting::add_to_waitlist();
  |                            ^^^^^^^  --------------- function `add_to_waitlist` is not publicly re-exported
  |                            |
  |                            private module
  |
note: the module `hosting` is defined here
 --> src/lib.rs:2:5
  |
2 |     mod hosting{
  |     ^^^^^^^^^^^

error[E0603]: module `hosting` is private
  --> src/lib.rs:11:21
   |
11 |     front_of_house::hosting::add_to_waitlist();
   |                     ^^^^^^^  --------------- function `add_to_waitlist` is not publicly re-exported
   |                     |
   |                     private module
   |
note: the module `hosting` is defined here
  --> src/lib.rs:2:5
   |
2  |     mod hosting{
   |     ^^^^^^^^^^^

For more information about this error, try `rustc --explain E0603`.
error: could not compile `paths` (lib) due to 2 previous errors
